{"user_id": "1304786072", "message": "(°∀°)ﾉ您订阅的22L9班田瑞铭同学的打篮球成绩更新啦~请访问 suours.com 查询\n\n〔学联宣传网络部〕"}

{"user_id": "1159270934", "message": "(°∀°)ﾉ您订阅的22L9班田瑞铭同学的打篮球成绩更新啦~请访问 suours.com 查询\n\n〔学联宣传网络部〕"}

{"user_id": "1525876733", "message": "(°∀°)ﾉ您订阅的235班陈昱衡同学的打篮球成绩更新啦~请访问 suours.com 查询\n\n〔学联宣传网络部〕"}

{"user_id": "1004662670", "message": "(°∀°)ﾉ您订阅的21L2班李佳骏同学的男子100米决赛成绩更新啦~请访问 suours.com 查询\n\n〔学联宣传网络部〕"}

{"message": "(°∀°)ﾉ您订阅的2315班连想同学的高一女子800米决赛成绩更新啦~请访问 suours.com 查询\n\n〔学联宣传网络部〕", "user_id": "1823659059"}

{"message": "(°∀°)ﾉ您订阅的234班郑斯腾同学的高一女子800米决赛成绩更新啦~请访问 suours.com 查询\n\n〔学联宣传网络部〕", "user_id": "3409105853"}

{"message": "(°∀°)ﾉ您订阅的21L4班孙成祥同学的高三男子100米决赛成绩更新啦~请访问 suours.com 查询\n\n〔学联宣传网络部〕", "user_id": "99168602"}

{"message": "(°∀°)ﾉ您订阅的21L2班李佳骏同学的高三男子100米决赛成绩更新啦~请访问 suours.com 查询\n\n〔学联宣传网络部〕", "user_id": "1004662670"}

{"message": "(°∀°)ﾉ您订阅的22L10班明朗同学的高二女子跳高成绩更新啦~请访问 suours.com 查询\n\n〔学联宣传网络部〕", "user_id": "2033495686"}

{"message": "(°∀°)ﾉ您订阅的22L8班李紫嫣同学的高二女子100米成绩更新啦~请访问 suours.com 查询\n\n〔学联宣传网络部〕", "user_id": "780423516"}

{"message": "(°∀°)ﾉ您订阅的22L8班杨嘉怡同学的高二女子800成绩更新啦~请访问 suours.com 查询\n\n〔学联宣传网络部〕", "user_id": "780423516"}

{"message": "(°∀°)ﾉ您订阅的22L3班罗胡梓楠同学的高二男子100米成绩更新啦~请访问 suours.com 查询\n\n〔学联宣传网络部〕", "user_id": "1044402192"}

{"message": "(°∀°)ﾉ您订阅的22L12班蒋飞杨同学的高二男子跳高成绩更新啦~请访问 suours.com 查询\n\n〔学联宣传网络部〕", "user_id": "2547983330"}

{"message": "(°∀°)ﾉ您订阅的21L9班邹沁霖同学的高三女子800米成绩更新啦~请访问 suours.com 查询\n\n〔学联宣传网络部〕", "user_id": "1525876733"}

{"message": "(°∀°)ﾉ您订阅的22W4班严若溪同学的高二女子跳远成绩更新啦~请访问 suours.com 查询\n\n〔学联宣传网络部〕", "user_id": "2265064203"}

{"message": "(°∀°)ﾉ您订阅的234班雷星同学的高一男子400米决赛成绩更新啦~请访问 suours.com 查询\n\n〔学联宣传网络部〕", "user_id": "2919291481"}

{"message": "(°∀°)ﾉ您订阅的231班王博韬同学的高一男子400米决赛成绩更新啦~请访问 suours.com 查询\n\n〔学联宣传网络部〕", "user_id": "1621012021"}

{"message": "(°∀°)ﾉ您订阅的231班王博韬同学的高一男子400米成绩更新啦~请访问 suours.com 查询\n\n〔学联宣传网络部〕", "user_id": "1621012021"}

{"message": "(°∀°)ﾉ您订阅的234班雷星同学的高一男子400米成绩更新啦~请访问 suours.com 查询\n\n〔学联宣传网络部〕", "user_id": "2919291481"}

{"message": "(°∀°)ﾉ您订阅的22L3班罗胡梓楠同学的高二男子200米成绩更新啦~请访问 suours.com 查询\n\n〔学联宣传网络部〕", "user_id": "1044402192"}

{"message": "(°∀°)ﾉ您订阅的22L8班陈思骏同学的高二男子200米成绩更新啦~请访问 suours.com 查询\n\n〔学联宣传网络部〕", "user_id": "780423516"}

{"message": "(°∀°)ﾉ您订阅的21L4班孙成祥同学的高三男子跳远成绩更新啦~请访问 suours.com 查询\n\n〔学联宣传网络部〕", "user_id": "99168602"}

{"message": "(°∀°)ﾉ您订阅的21L12班范力文同学的高三男子跳远成绩更新啦~请访问 suours.com 查询\n\n〔学联宣传网络部〕", "user_id": "1525876733"}

{"message": "(°∀°)ﾉ您订阅的2318班沈思彤同学的高一女子1500米决赛成绩更新啦~请访问 suours.com 查询\n\n〔学联宣传网络部〕", "user_id": "1823659059"}

{"message": "(°∀°)ﾉ您订阅的2311班吕玥璇同学的高一女子1500米决赛成绩更新啦~请访问 suours.com 查询\n\n〔学联宣传网络部〕", "user_id": "1823659059"}

{"message": "(°∀°)ﾉ您订阅的22L11班兰艾霖同学的高二女子100米栏成绩更新啦~请访问 suours.com 查询\n\n〔学联宣传网络部〕", "user_id": "2386063106"}

{"message": "(°∀°)ﾉ您订阅的22L8班李紫嫣同学的高二女子100米栏成绩更新啦~请访问 suours.com 查询\n\n〔学联宣传网络部〕", "user_id": "780423516"}

{"message": "(°∀°)ﾉ您订阅的22L10班王霁雯同学的高二女子100米栏成绩更新啦~请访问 suours.com 查询\n\n〔学联宣传网络部〕", "user_id": "2033495686"}

{"message": "(°∀°)ﾉ您订阅的22L8班杨嘉怡同学的高二女子1500米成绩更新啦~请访问 suours.com 查询\n\n〔学联宣传网络部〕", "user_id": "780423516"}

{"message": "(°∀°)ﾉ您订阅的22W5班谢源同学的高二女子1500米成绩更新啦~请访问 suours.com 查询\n\n〔学联宣传网络部〕", "user_id": "1525876733"}

{"message": "(°∀°)ﾉ您订阅的234班郑斯腾同学的高一女子200米决赛成绩更新啦~请访问 suours.com 查询\n\n〔学联宣传网络部〕", "user_id": "3409105853"}

{"message": "(°∀°)ﾉ您订阅的231班葛子惠同学的高一女子200米决赛成绩更新啦~请访问 suours.com 查询\n\n〔学联宣传网络部〕", "user_id": "1545673173"}

{"message": "(°∀°)ﾉ您订阅的21L2班李佳骏同学的高三男子110米栏决赛成绩更新啦~请访问 suours.com 查询\n\n〔学联宣传网络部〕", "user_id": "1004662670"}

{"message": "(°∀°)ﾉ您订阅的234班郑斯腾同学的女子200米决赛成绩更新啦~请访问 suours.com 查询\n\n〔学联宣传网络部〕", "user_id": "3409105853"}

{"message": "(°∀°)ﾉ您订阅的231班葛子惠同学的女子200米决赛成绩更新啦~请访问 suours.com 查询\n\n〔学联宣传网络部〕", "user_id": "1545673173"}

{"message": "(°∀°)ﾉ您订阅的22L11班兰艾霖同学的高二女子200米预赛成绩更新啦~请访问 suours.com 查询\n\n〔学联宣传网络部〕", "user_id": "2386063106"}

{"message": "(°∀°)ﾉ您订阅的22L12班蒋飞杨同学的高二男子1500米成绩更新啦~请访问 suours.com 查询\n\n〔学联宣传网络部〕", "user_id": "2547983330"}

{"message": "(°∀°)ﾉ您订阅的22W1班达诚同学的高二男子400米成绩更新啦~请访问 suours.com 查询\n\n〔学联宣传网络部〕", "user_id": "1245102237"}

{"message": "(°∀°)ﾉ您订阅的22L9班王成同学的高二男子400米成绩更新啦~请访问 suours.com 查询\n\n〔学联宣传网络部〕", "user_id": "2894585397"}

